[06-Jul-2023 08:44:52 UTC] PHP Warning:  Undefined array key "HTTP_HOST" in C:\Users\donat\Local Sites\classic-mountain\app\public\wp-includes\functions.php on line 6095
[06-Jul-2023 09:16:10 UTC] PHP Warning:  Attempt to read property "name" on bool in C:\Users\donat\Local Sites\classic-mountain\app\public\wp-admin\nav-menus.php on line 1137
[06-Jul-2023 09:16:49 UTC] PHP Warning:  Attempt to read property "title" on null in C:\Users\donat\Local Sites\classic-mountain\app\public\wp-includes\class-wp-customize-widgets.php on line 905
[06-Jul-2023 09:19:49 UTC] PHP Warning:  Attempt to read property "title" on null in C:\Users\donat\Local Sites\classic-mountain\app\public\wp-includes\class-wp-customize-widgets.php on line 905
[06-Jul-2023 09:23:58 UTC] PHP Warning:  Attempt to read property "name" on bool in C:\Users\donat\Local Sites\classic-mountain\app\public\wp-admin\nav-menus.php on line 1137
[06-Jul-2023 09:26:41 UTC] PHP Warning:  Attempt to read property "title" on null in C:\Users\donat\Local Sites\classic-mountain\app\public\wp-includes\class-wp-customize-widgets.php on line 905
[06-Jul-2023 09:35:52 UTC] PHP Warning:  Attempt to read property "title" on null in C:\Users\donat\Local Sites\classic-mountain\app\public\wp-includes\class-wp-customize-widgets.php on line 905
[06-Jul-2023 09:36:27 UTC] PHP Warning:  Attempt to read property "title" on null in C:\Users\donat\Local Sites\classic-mountain\app\public\wp-includes\class-wp-customize-widgets.php on line 905
[06-Jul-2023 09:39:14 UTC] PHP Warning:  Trying to access array offset on value of type bool in C:\Users\donat\Local Sites\classic-mountain\app\public\wp-content\plugins\elementor\includes\managers\image.php on line 108
[06-Jul-2023 09:39:14 UTC] PHP Warning:  Trying to access array offset on value of type bool in C:\Users\donat\Local Sites\classic-mountain\app\public\wp-content\plugins\elementor\includes\managers\image.php on line 108
[06-Jul-2023 09:39:14 UTC] PHP Warning:  Trying to access array offset on value of type bool in C:\Users\donat\Local Sites\classic-mountain\app\public\wp-content\plugins\elementor\includes\managers\image.php on line 108
[06-Jul-2023 09:39:14 UTC] PHP Warning:  Trying to access array offset on value of type bool in C:\Users\donat\Local Sites\classic-mountain\app\public\wp-content\plugins\elementor\includes\managers\image.php on line 108
[06-Jul-2023 09:39:14 UTC] PHP Warning:  Trying to access array offset on value of type bool in C:\Users\donat\Local Sites\classic-mountain\app\public\wp-content\plugins\elementor\includes\managers\image.php on line 108
[06-Jul-2023 09:39:14 UTC] PHP Warning:  Trying to access array offset on value of type bool in C:\Users\donat\Local Sites\classic-mountain\app\public\wp-content\plugins\elementor\includes\managers\image.php on line 108
[06-Jul-2023 09:39:14 UTC] PHP Warning:  Trying to access array offset on value of type bool in C:\Users\donat\Local Sites\classic-mountain\app\public\wp-content\plugins\elementor\includes\managers\image.php on line 108
[06-Jul-2023 09:39:14 UTC] PHP Warning:  Trying to access array offset on value of type bool in C:\Users\donat\Local Sites\classic-mountain\app\public\wp-content\plugins\elementor\includes\managers\image.php on line 108
[06-Jul-2023 09:39:14 UTC] PHP Warning:  Trying to access array offset on value of type bool in C:\Users\donat\Local Sites\classic-mountain\app\public\wp-content\plugins\elementor\includes\managers\image.php on line 108
[06-Jul-2023 09:39:14 UTC] PHP Warning:  Trying to access array offset on value of type bool in C:\Users\donat\Local Sites\classic-mountain\app\public\wp-content\plugins\elementor\includes\managers\image.php on line 108
[06-Jul-2023 09:39:14 UTC] PHP Warning:  Trying to access array offset on value of type bool in C:\Users\donat\Local Sites\classic-mountain\app\public\wp-content\plugins\elementor\includes\managers\image.php on line 108
[06-Jul-2023 09:39:14 UTC] PHP Warning:  Trying to access array offset on value of type bool in C:\Users\donat\Local Sites\classic-mountain\app\public\wp-content\plugins\elementor\includes\managers\image.php on line 108
[06-Jul-2023 09:39:14 UTC] PHP Warning:  Trying to access array offset on value of type bool in C:\Users\donat\Local Sites\classic-mountain\app\public\wp-content\plugins\elementor\includes\managers\image.php on line 108
[06-Jul-2023 09:39:14 UTC] PHP Warning:  Trying to access array offset on value of type bool in C:\Users\donat\Local Sites\classic-mountain\app\public\wp-content\plugins\elementor\includes\managers\image.php on line 108
[06-Jul-2023 09:39:14 UTC] PHP Warning:  Trying to access array offset on value of type bool in C:\Users\donat\Local Sites\classic-mountain\app\public\wp-content\plugins\elementor\includes\managers\image.php on line 108
[06-Jul-2023 09:39:14 UTC] PHP Warning:  Trying to access array offset on value of type bool in C:\Users\donat\Local Sites\classic-mountain\app\public\wp-content\plugins\elementor\includes\managers\image.php on line 108
[06-Jul-2023 09:39:14 UTC] PHP Warning:  Trying to access array offset on value of type bool in C:\Users\donat\Local Sites\classic-mountain\app\public\wp-content\plugins\elementor\includes\managers\image.php on line 108
[06-Jul-2023 09:39:14 UTC] PHP Warning:  Trying to access array offset on value of type bool in C:\Users\donat\Local Sites\classic-mountain\app\public\wp-content\plugins\elementor\includes\managers\image.php on line 108
[06-Jul-2023 09:39:14 UTC] PHP Warning:  Trying to access array offset on value of type bool in C:\Users\donat\Local Sites\classic-mountain\app\public\wp-content\plugins\elementor\includes\managers\image.php on line 108
[06-Jul-2023 09:39:14 UTC] PHP Warning:  Trying to access array offset on value of type bool in C:\Users\donat\Local Sites\classic-mountain\app\public\wp-content\plugins\elementor\includes\managers\image.php on line 108
[06-Jul-2023 09:39:14 UTC] PHP Warning:  Trying to access array offset on value of type bool in C:\Users\donat\Local Sites\classic-mountain\app\public\wp-content\plugins\elementor\includes\managers\image.php on line 108
[06-Jul-2023 09:39:14 UTC] PHP Warning:  Trying to access array offset on value of type bool in C:\Users\donat\Local Sites\classic-mountain\app\public\wp-content\plugins\elementor\includes\managers\image.php on line 108
[06-Jul-2023 09:39:14 UTC] PHP Warning:  Trying to access array offset on value of type bool in C:\Users\donat\Local Sites\classic-mountain\app\public\wp-content\plugins\elementor\includes\managers\image.php on line 108
[06-Jul-2023 09:39:14 UTC] PHP Warning:  Trying to access array offset on value of type bool in C:\Users\donat\Local Sites\classic-mountain\app\public\wp-content\plugins\elementor\includes\managers\image.php on line 108
[06-Jul-2023 09:44:55 UTC] PHP Warning:  Trying to access array offset on value of type bool in C:\Users\donat\Local Sites\classic-mountain\app\public\wp-content\plugins\elementor\includes\managers\image.php on line 108
[06-Jul-2023 09:44:55 UTC] PHP Warning:  Trying to access array offset on value of type bool in C:\Users\donat\Local Sites\classic-mountain\app\public\wp-content\plugins\elementor\includes\managers\image.php on line 108
[06-Jul-2023 09:44:55 UTC] PHP Warning:  Trying to access array offset on value of type bool in C:\Users\donat\Local Sites\classic-mountain\app\public\wp-content\plugins\elementor\includes\managers\image.php on line 108
[06-Jul-2023 09:44:55 UTC] PHP Warning:  Trying to access array offset on value of type bool in C:\Users\donat\Local Sites\classic-mountain\app\public\wp-content\plugins\elementor\includes\managers\image.php on line 108
[06-Jul-2023 09:44:55 UTC] PHP Warning:  Trying to access array offset on value of type bool in C:\Users\donat\Local Sites\classic-mountain\app\public\wp-content\plugins\elementor\includes\managers\image.php on line 108
[06-Jul-2023 09:44:55 UTC] PHP Warning:  Trying to access array offset on value of type bool in C:\Users\donat\Local Sites\classic-mountain\app\public\wp-content\plugins\elementor\includes\managers\image.php on line 108
[06-Jul-2023 09:44:55 UTC] PHP Warning:  Trying to access array offset on value of type bool in C:\Users\donat\Local Sites\classic-mountain\app\public\wp-content\plugins\elementor\includes\managers\image.php on line 108
[06-Jul-2023 09:44:55 UTC] PHP Warning:  Trying to access array offset on value of type bool in C:\Users\donat\Local Sites\classic-mountain\app\public\wp-content\plugins\elementor\includes\managers\image.php on line 108
[06-Jul-2023 09:44:55 UTC] PHP Warning:  Trying to access array offset on value of type bool in C:\Users\donat\Local Sites\classic-mountain\app\public\wp-content\plugins\elementor\includes\managers\image.php on line 108
[06-Jul-2023 09:44:55 UTC] PHP Warning:  Trying to access array offset on value of type bool in C:\Users\donat\Local Sites\classic-mountain\app\public\wp-content\plugins\elementor\includes\managers\image.php on line 108
[06-Jul-2023 09:44:55 UTC] PHP Warning:  Trying to access array offset on value of type bool in C:\Users\donat\Local Sites\classic-mountain\app\public\wp-content\plugins\elementor\includes\managers\image.php on line 108
[06-Jul-2023 09:44:55 UTC] PHP Warning:  Trying to access array offset on value of type bool in C:\Users\donat\Local Sites\classic-mountain\app\public\wp-content\plugins\elementor\includes\managers\image.php on line 108
[06-Jul-2023 09:44:55 UTC] PHP Warning:  Trying to access array offset on value of type bool in C:\Users\donat\Local Sites\classic-mountain\app\public\wp-content\plugins\elementor\includes\managers\image.php on line 108
[06-Jul-2023 09:44:55 UTC] PHP Warning:  Trying to access array offset on value of type bool in C:\Users\donat\Local Sites\classic-mountain\app\public\wp-content\plugins\elementor\includes\managers\image.php on line 108
[06-Jul-2023 09:44:55 UTC] PHP Warning:  Trying to access array offset on value of type bool in C:\Users\donat\Local Sites\classic-mountain\app\public\wp-content\plugins\elementor\includes\managers\image.php on line 108
[06-Jul-2023 09:44:55 UTC] PHP Warning:  Trying to access array offset on value of type bool in C:\Users\donat\Local Sites\classic-mountain\app\public\wp-content\plugins\elementor\includes\managers\image.php on line 108
[06-Jul-2023 09:44:55 UTC] PHP Warning:  Trying to access array offset on value of type bool in C:\Users\donat\Local Sites\classic-mountain\app\public\wp-content\plugins\elementor\includes\managers\image.php on line 108
[06-Jul-2023 09:44:55 UTC] PHP Warning:  Trying to access array offset on value of type bool in C:\Users\donat\Local Sites\classic-mountain\app\public\wp-content\plugins\elementor\includes\managers\image.php on line 108
[06-Jul-2023 09:44:55 UTC] PHP Warning:  Trying to access array offset on value of type bool in C:\Users\donat\Local Sites\classic-mountain\app\public\wp-content\plugins\elementor\includes\managers\image.php on line 108
[06-Jul-2023 09:44:55 UTC] PHP Warning:  Trying to access array offset on value of type bool in C:\Users\donat\Local Sites\classic-mountain\app\public\wp-content\plugins\elementor\includes\managers\image.php on line 108
[06-Jul-2023 09:44:55 UTC] PHP Warning:  Trying to access array offset on value of type bool in C:\Users\donat\Local Sites\classic-mountain\app\public\wp-content\plugins\elementor\includes\managers\image.php on line 108
[06-Jul-2023 09:44:55 UTC] PHP Warning:  Trying to access array offset on value of type bool in C:\Users\donat\Local Sites\classic-mountain\app\public\wp-content\plugins\elementor\includes\managers\image.php on line 108
[06-Jul-2023 09:44:55 UTC] PHP Warning:  Trying to access array offset on value of type bool in C:\Users\donat\Local Sites\classic-mountain\app\public\wp-content\plugins\elementor\includes\managers\image.php on line 108
[06-Jul-2023 09:44:55 UTC] PHP Warning:  Trying to access array offset on value of type bool in C:\Users\donat\Local Sites\classic-mountain\app\public\wp-content\plugins\elementor\includes\managers\image.php on line 108
[06-Jul-2023 09:47:58 UTC] PHP Warning:  Trying to access array offset on value of type bool in C:\Users\donat\Local Sites\classic-mountain\app\public\wp-content\plugins\elementor\includes\managers\image.php on line 108
[06-Jul-2023 09:47:58 UTC] PHP Warning:  Trying to access array offset on value of type bool in C:\Users\donat\Local Sites\classic-mountain\app\public\wp-content\plugins\elementor\includes\managers\image.php on line 108
[06-Jul-2023 09:47:58 UTC] PHP Warning:  Trying to access array offset on value of type bool in C:\Users\donat\Local Sites\classic-mountain\app\public\wp-content\plugins\elementor\includes\managers\image.php on line 108
[06-Jul-2023 09:47:58 UTC] PHP Warning:  Trying to access array offset on value of type bool in C:\Users\donat\Local Sites\classic-mountain\app\public\wp-content\plugins\elementor\includes\managers\image.php on line 108
[06-Jul-2023 09:47:58 UTC] PHP Warning:  Trying to access array offset on value of type bool in C:\Users\donat\Local Sites\classic-mountain\app\public\wp-content\plugins\elementor\includes\managers\image.php on line 108
[06-Jul-2023 09:47:58 UTC] PHP Warning:  Trying to access array offset on value of type bool in C:\Users\donat\Local Sites\classic-mountain\app\public\wp-content\plugins\elementor\includes\managers\image.php on line 108
[06-Jul-2023 09:47:58 UTC] PHP Warning:  Trying to access array offset on value of type bool in C:\Users\donat\Local Sites\classic-mountain\app\public\wp-content\plugins\elementor\includes\managers\image.php on line 108
[06-Jul-2023 09:47:58 UTC] PHP Warning:  Trying to access array offset on value of type bool in C:\Users\donat\Local Sites\classic-mountain\app\public\wp-content\plugins\elementor\includes\managers\image.php on line 108
[06-Jul-2023 09:47:58 UTC] PHP Warning:  Trying to access array offset on value of type bool in C:\Users\donat\Local Sites\classic-mountain\app\public\wp-content\plugins\elementor\includes\managers\image.php on line 108
[06-Jul-2023 09:47:58 UTC] PHP Warning:  Trying to access array offset on value of type bool in C:\Users\donat\Local Sites\classic-mountain\app\public\wp-content\plugins\elementor\includes\managers\image.php on line 108
[06-Jul-2023 09:47:58 UTC] PHP Warning:  Trying to access array offset on value of type bool in C:\Users\donat\Local Sites\classic-mountain\app\public\wp-content\plugins\elementor\includes\managers\image.php on line 108
[06-Jul-2023 09:47:58 UTC] PHP Warning:  Trying to access array offset on value of type bool in C:\Users\donat\Local Sites\classic-mountain\app\public\wp-content\plugins\elementor\includes\managers\image.php on line 108
[06-Jul-2023 09:47:58 UTC] PHP Warning:  Trying to access array offset on value of type bool in C:\Users\donat\Local Sites\classic-mountain\app\public\wp-content\plugins\elementor\includes\managers\image.php on line 108
[06-Jul-2023 09:47:58 UTC] PHP Warning:  Trying to access array offset on value of type bool in C:\Users\donat\Local Sites\classic-mountain\app\public\wp-content\plugins\elementor\includes\managers\image.php on line 108
[06-Jul-2023 09:47:58 UTC] PHP Warning:  Trying to access array offset on value of type bool in C:\Users\donat\Local Sites\classic-mountain\app\public\wp-content\plugins\elementor\includes\managers\image.php on line 108
[06-Jul-2023 09:47:58 UTC] PHP Warning:  Trying to access array offset on value of type bool in C:\Users\donat\Local Sites\classic-mountain\app\public\wp-content\plugins\elementor\includes\managers\image.php on line 108
[06-Jul-2023 09:47:58 UTC] PHP Warning:  Trying to access array offset on value of type bool in C:\Users\donat\Local Sites\classic-mountain\app\public\wp-content\plugins\elementor\includes\managers\image.php on line 108
[06-Jul-2023 09:47:58 UTC] PHP Warning:  Trying to access array offset on value of type bool in C:\Users\donat\Local Sites\classic-mountain\app\public\wp-content\plugins\elementor\includes\managers\image.php on line 108
[06-Jul-2023 09:47:58 UTC] PHP Warning:  Trying to access array offset on value of type bool in C:\Users\donat\Local Sites\classic-mountain\app\public\wp-content\plugins\elementor\includes\managers\image.php on line 108
[06-Jul-2023 09:47:58 UTC] PHP Warning:  Trying to access array offset on value of type bool in C:\Users\donat\Local Sites\classic-mountain\app\public\wp-content\plugins\elementor\includes\managers\image.php on line 108
[06-Jul-2023 09:47:58 UTC] PHP Warning:  Trying to access array offset on value of type bool in C:\Users\donat\Local Sites\classic-mountain\app\public\wp-content\plugins\elementor\includes\managers\image.php on line 108
[06-Jul-2023 09:47:58 UTC] PHP Warning:  Trying to access array offset on value of type bool in C:\Users\donat\Local Sites\classic-mountain\app\public\wp-content\plugins\elementor\includes\managers\image.php on line 108
[06-Jul-2023 09:47:58 UTC] PHP Warning:  Trying to access array offset on value of type bool in C:\Users\donat\Local Sites\classic-mountain\app\public\wp-content\plugins\elementor\includes\managers\image.php on line 108
[06-Jul-2023 09:47:58 UTC] PHP Warning:  Trying to access array offset on value of type bool in C:\Users\donat\Local Sites\classic-mountain\app\public\wp-content\plugins\elementor\includes\managers\image.php on line 108
[06-Jul-2023 09:51:53 UTC] PHP Warning:  Trying to access array offset on value of type bool in C:\Users\donat\Local Sites\classic-mountain\app\public\wp-content\plugins\elementor\includes\managers\image.php on line 108
[06-Jul-2023 10:03:20 UTC] PHP Warning:  Trying to access array offset on value of type bool in C:\Users\donat\Local Sites\classic-mountain\app\public\wp-content\plugins\elementor\includes\managers\image.php on line 108
[06-Jul-2023 10:03:20 UTC] PHP Warning:  Trying to access array offset on value of type bool in C:\Users\donat\Local Sites\classic-mountain\app\public\wp-content\plugins\elementor\includes\managers\image.php on line 108
[06-Jul-2023 10:03:20 UTC] PHP Warning:  Trying to access array offset on value of type bool in C:\Users\donat\Local Sites\classic-mountain\app\public\wp-content\plugins\elementor\includes\managers\image.php on line 108
[06-Jul-2023 10:03:20 UTC] PHP Warning:  Trying to access array offset on value of type bool in C:\Users\donat\Local Sites\classic-mountain\app\public\wp-content\plugins\elementor\includes\managers\image.php on line 108
[06-Jul-2023 10:03:20 UTC] PHP Warning:  Trying to access array offset on value of type bool in C:\Users\donat\Local Sites\classic-mountain\app\public\wp-content\plugins\elementor\includes\managers\image.php on line 108
[06-Jul-2023 10:03:20 UTC] PHP Warning:  Trying to access array offset on value of type bool in C:\Users\donat\Local Sites\classic-mountain\app\public\wp-content\plugins\elementor\includes\managers\image.php on line 108
[06-Jul-2023 10:03:20 UTC] PHP Warning:  Trying to access array offset on value of type bool in C:\Users\donat\Local Sites\classic-mountain\app\public\wp-content\plugins\elementor\includes\managers\image.php on line 108
[06-Jul-2023 10:03:20 UTC] PHP Warning:  Trying to access array offset on value of type bool in C:\Users\donat\Local Sites\classic-mountain\app\public\wp-content\plugins\elementor\includes\managers\image.php on line 108
[06-Jul-2023 10:07:33 UTC] PHP Warning:  Trying to access array offset on value of type bool in C:\Users\donat\Local Sites\classic-mountain\app\public\wp-content\plugins\elementor\includes\managers\image.php on line 108
[06-Jul-2023 10:07:33 UTC] PHP Warning:  Trying to access array offset on value of type bool in C:\Users\donat\Local Sites\classic-mountain\app\public\wp-content\plugins\elementor\includes\managers\image.php on line 108
[06-Jul-2023 10:07:33 UTC] PHP Warning:  Trying to access array offset on value of type bool in C:\Users\donat\Local Sites\classic-mountain\app\public\wp-content\plugins\elementor\includes\managers\image.php on line 108
[06-Jul-2023 10:07:33 UTC] PHP Warning:  Trying to access array offset on value of type bool in C:\Users\donat\Local Sites\classic-mountain\app\public\wp-content\plugins\elementor\includes\managers\image.php on line 108
[06-Jul-2023 10:07:33 UTC] PHP Warning:  Trying to access array offset on value of type bool in C:\Users\donat\Local Sites\classic-mountain\app\public\wp-content\plugins\elementor\includes\managers\image.php on line 108
[06-Jul-2023 10:07:33 UTC] PHP Warning:  Trying to access array offset on value of type bool in C:\Users\donat\Local Sites\classic-mountain\app\public\wp-content\plugins\elementor\includes\managers\image.php on line 108
[06-Jul-2023 10:07:33 UTC] PHP Warning:  Trying to access array offset on value of type bool in C:\Users\donat\Local Sites\classic-mountain\app\public\wp-content\plugins\elementor\includes\managers\image.php on line 108
[06-Jul-2023 10:07:33 UTC] PHP Warning:  Trying to access array offset on value of type bool in C:\Users\donat\Local Sites\classic-mountain\app\public\wp-content\plugins\elementor\includes\managers\image.php on line 108
[06-Jul-2023 10:37:05 UTC] Erreur d’événement de déplanification de tâche pour le crochet do_pings. Code d’erreur : could_not_set. Message d’erreur : La liste des évènements planifiés n’a pas pu être sauvegardée.. Données : {"schedule":false,"args":[]}
[06-Jul-2023 10:39:06 UTC] Erreur d’événement de déplanification de tâche pour le crochet do_pings. Code d’erreur : could_not_set. Message d’erreur : La liste des évènements planifiés n’a pas pu être sauvegardée.. Données : {"schedule":false,"args":[]}
[06-Jul-2023 10:44:46 UTC] PHP Warning:  Trying to access array offset on value of type bool in C:\Users\donat\Local Sites\classic-mountain\app\public\wp-content\plugins\elementor\includes\managers\image.php on line 108
[06-Jul-2023 10:44:46 UTC] PHP Warning:  Trying to access array offset on value of type bool in C:\Users\donat\Local Sites\classic-mountain\app\public\wp-content\plugins\elementor\includes\managers\image.php on line 108
[06-Jul-2023 10:44:46 UTC] PHP Warning:  Trying to access array offset on value of type bool in C:\Users\donat\Local Sites\classic-mountain\app\public\wp-content\plugins\elementor\includes\managers\image.php on line 108
[06-Jul-2023 10:44:46 UTC] PHP Warning:  Trying to access array offset on value of type bool in C:\Users\donat\Local Sites\classic-mountain\app\public\wp-content\plugins\elementor\includes\managers\image.php on line 108
[06-Jul-2023 10:44:46 UTC] PHP Warning:  Trying to access array offset on value of type bool in C:\Users\donat\Local Sites\classic-mountain\app\public\wp-content\plugins\elementor\includes\managers\image.php on line 108
[06-Jul-2023 10:44:46 UTC] PHP Warning:  Trying to access array offset on value of type bool in C:\Users\donat\Local Sites\classic-mountain\app\public\wp-content\plugins\elementor\includes\managers\image.php on line 108
[06-Jul-2023 10:44:46 UTC] PHP Warning:  Trying to access array offset on value of type bool in C:\Users\donat\Local Sites\classic-mountain\app\public\wp-content\plugins\elementor\includes\managers\image.php on line 108
[06-Jul-2023 10:44:46 UTC] PHP Warning:  Trying to access array offset on value of type bool in C:\Users\donat\Local Sites\classic-mountain\app\public\wp-content\plugins\elementor\includes\managers\image.php on line 108
[06-Jul-2023 10:45:23 UTC] PHP Warning:  Trying to access array offset on value of type bool in C:\Users\donat\Local Sites\classic-mountain\app\public\wp-content\plugins\elementor\includes\managers\image.php on line 108
[06-Jul-2023 10:45:23 UTC] PHP Warning:  Trying to access array offset on value of type bool in C:\Users\donat\Local Sites\classic-mountain\app\public\wp-content\plugins\elementor\includes\managers\image.php on line 108
[06-Jul-2023 10:45:23 UTC] PHP Warning:  Trying to access array offset on value of type bool in C:\Users\donat\Local Sites\classic-mountain\app\public\wp-content\plugins\elementor\includes\managers\image.php on line 108
[06-Jul-2023 10:45:23 UTC] PHP Warning:  Trying to access array offset on value of type bool in C:\Users\donat\Local Sites\classic-mountain\app\public\wp-content\plugins\elementor\includes\managers\image.php on line 108
[06-Jul-2023 10:45:23 UTC] PHP Warning:  Trying to access array offset on value of type bool in C:\Users\donat\Local Sites\classic-mountain\app\public\wp-content\plugins\elementor\includes\managers\image.php on line 108
[06-Jul-2023 10:45:23 UTC] PHP Warning:  Trying to access array offset on value of type bool in C:\Users\donat\Local Sites\classic-mountain\app\public\wp-content\plugins\elementor\includes\managers\image.php on line 108
[06-Jul-2023 10:45:23 UTC] PHP Warning:  Trying to access array offset on value of type bool in C:\Users\donat\Local Sites\classic-mountain\app\public\wp-content\plugins\elementor\includes\managers\image.php on line 108
[06-Jul-2023 10:45:23 UTC] PHP Warning:  Trying to access array offset on value of type bool in C:\Users\donat\Local Sites\classic-mountain\app\public\wp-content\plugins\elementor\includes\managers\image.php on line 108
[06-Jul-2023 10:53:12 UTC] PHP Warning:  Trying to access array offset on value of type bool in C:\Users\donat\Local Sites\classic-mountain\app\public\wp-content\plugins\elementor\includes\managers\image.php on line 108
[06-Jul-2023 10:53:12 UTC] PHP Warning:  Trying to access array offset on value of type bool in C:\Users\donat\Local Sites\classic-mountain\app\public\wp-content\plugins\elementor\includes\managers\image.php on line 108
[06-Jul-2023 10:53:12 UTC] PHP Warning:  Trying to access array offset on value of type bool in C:\Users\donat\Local Sites\classic-mountain\app\public\wp-content\plugins\elementor\includes\managers\image.php on line 108
[06-Jul-2023 10:53:12 UTC] PHP Warning:  Trying to access array offset on value of type bool in C:\Users\donat\Local Sites\classic-mountain\app\public\wp-content\plugins\elementor\includes\managers\image.php on line 108
[06-Jul-2023 10:53:12 UTC] PHP Warning:  Trying to access array offset on value of type bool in C:\Users\donat\Local Sites\classic-mountain\app\public\wp-content\plugins\elementor\includes\managers\image.php on line 108
[06-Jul-2023 10:53:12 UTC] PHP Warning:  Trying to access array offset on value of type bool in C:\Users\donat\Local Sites\classic-mountain\app\public\wp-content\plugins\elementor\includes\managers\image.php on line 108
[06-Jul-2023 10:53:12 UTC] PHP Warning:  Trying to access array offset on value of type bool in C:\Users\donat\Local Sites\classic-mountain\app\public\wp-content\plugins\elementor\includes\managers\image.php on line 108
[06-Jul-2023 10:53:12 UTC] PHP Warning:  Trying to access array offset on value of type bool in C:\Users\donat\Local Sites\classic-mountain\app\public\wp-content\plugins\elementor\includes\managers\image.php on line 108
[06-Jul-2023 10:53:12 UTC] PHP Warning:  Trying to access array offset on value of type bool in C:\Users\donat\Local Sites\classic-mountain\app\public\wp-content\plugins\elementor\includes\managers\image.php on line 108
[06-Jul-2023 10:53:12 UTC] PHP Warning:  Trying to access array offset on value of type bool in C:\Users\donat\Local Sites\classic-mountain\app\public\wp-content\plugins\elementor\includes\managers\image.php on line 108
[06-Jul-2023 10:53:12 UTC] PHP Warning:  Trying to access array offset on value of type bool in C:\Users\donat\Local Sites\classic-mountain\app\public\wp-content\plugins\elementor\includes\managers\image.php on line 108
[06-Jul-2023 10:53:12 UTC] PHP Warning:  Trying to access array offset on value of type bool in C:\Users\donat\Local Sites\classic-mountain\app\public\wp-content\plugins\elementor\includes\managers\image.php on line 108
[06-Jul-2023 10:53:12 UTC] PHP Warning:  Trying to access array offset on value of type bool in C:\Users\donat\Local Sites\classic-mountain\app\public\wp-content\plugins\elementor\includes\managers\image.php on line 108
[06-Jul-2023 10:53:12 UTC] PHP Warning:  Trying to access array offset on value of type bool in C:\Users\donat\Local Sites\classic-mountain\app\public\wp-content\plugins\elementor\includes\managers\image.php on line 108
[06-Jul-2023 10:53:12 UTC] PHP Warning:  Trying to access array offset on value of type bool in C:\Users\donat\Local Sites\classic-mountain\app\public\wp-content\plugins\elementor\includes\managers\image.php on line 108
[06-Jul-2023 10:53:12 UTC] PHP Warning:  Trying to access array offset on value of type bool in C:\Users\donat\Local Sites\classic-mountain\app\public\wp-content\plugins\elementor\includes\managers\image.php on line 108
[06-Jul-2023 10:53:12 UTC] PHP Warning:  Trying to access array offset on value of type bool in C:\Users\donat\Local Sites\classic-mountain\app\public\wp-content\plugins\elementor\includes\managers\image.php on line 108
[06-Jul-2023 10:53:12 UTC] PHP Warning:  Trying to access array offset on value of type bool in C:\Users\donat\Local Sites\classic-mountain\app\public\wp-content\plugins\elementor\includes\managers\image.php on line 108
[06-Jul-2023 10:53:12 UTC] PHP Warning:  Trying to access array offset on value of type bool in C:\Users\donat\Local Sites\classic-mountain\app\public\wp-content\plugins\elementor\includes\managers\image.php on line 108
[06-Jul-2023 10:53:12 UTC] PHP Warning:  Trying to access array offset on value of type bool in C:\Users\donat\Local Sites\classic-mountain\app\public\wp-content\plugins\elementor\includes\managers\image.php on line 108
[06-Jul-2023 10:53:12 UTC] PHP Warning:  Trying to access array offset on value of type bool in C:\Users\donat\Local Sites\classic-mountain\app\public\wp-content\plugins\elementor\includes\managers\image.php on line 108
[06-Jul-2023 10:53:12 UTC] PHP Warning:  Trying to access array offset on value of type bool in C:\Users\donat\Local Sites\classic-mountain\app\public\wp-content\plugins\elementor\includes\managers\image.php on line 108
[06-Jul-2023 10:53:12 UTC] PHP Warning:  Trying to access array offset on value of type bool in C:\Users\donat\Local Sites\classic-mountain\app\public\wp-content\plugins\elementor\includes\managers\image.php on line 108
[06-Jul-2023 10:53:12 UTC] PHP Warning:  Trying to access array offset on value of type bool in C:\Users\donat\Local Sites\classic-mountain\app\public\wp-content\plugins\elementor\includes\managers\image.php on line 108
[06-Jul-2023 10:53:12 UTC] PHP Warning:  Trying to access array offset on value of type bool in C:\Users\donat\Local Sites\classic-mountain\app\public\wp-content\plugins\elementor\includes\managers\image.php on line 108
[06-Jul-2023 10:53:12 UTC] PHP Warning:  Trying to access array offset on value of type bool in C:\Users\donat\Local Sites\classic-mountain\app\public\wp-content\plugins\elementor\includes\managers\image.php on line 108
[06-Jul-2023 10:53:12 UTC] PHP Warning:  Trying to access array offset on value of type bool in C:\Users\donat\Local Sites\classic-mountain\app\public\wp-content\plugins\elementor\includes\managers\image.php on line 108
[06-Jul-2023 10:53:12 UTC] PHP Warning:  Trying to access array offset on value of type bool in C:\Users\donat\Local Sites\classic-mountain\app\public\wp-content\plugins\elementor\includes\managers\image.php on line 108
[06-Jul-2023 10:53:12 UTC] PHP Warning:  Trying to access array offset on value of type bool in C:\Users\donat\Local Sites\classic-mountain\app\public\wp-content\plugins\elementor\includes\managers\image.php on line 108
[06-Jul-2023 10:53:12 UTC] PHP Warning:  Trying to access array offset on value of type bool in C:\Users\donat\Local Sites\classic-mountain\app\public\wp-content\plugins\elementor\includes\managers\image.php on line 108
[06-Jul-2023 10:53:12 UTC] PHP Warning:  Trying to access array offset on value of type bool in C:\Users\donat\Local Sites\classic-mountain\app\public\wp-content\plugins\elementor\includes\managers\image.php on line 108
[06-Jul-2023 10:53:12 UTC] PHP Warning:  Trying to access array offset on value of type bool in C:\Users\donat\Local Sites\classic-mountain\app\public\wp-content\plugins\elementor\includes\managers\image.php on line 108
[06-Jul-2023 10:53:12 UTC] PHP Warning:  Trying to access array offset on value of type bool in C:\Users\donat\Local Sites\classic-mountain\app\public\wp-content\plugins\elementor\includes\managers\image.php on line 108
[06-Jul-2023 10:53:12 UTC] PHP Warning:  Trying to access array offset on value of type bool in C:\Users\donat\Local Sites\classic-mountain\app\public\wp-content\plugins\elementor\includes\managers\image.php on line 108
[06-Jul-2023 10:53:12 UTC] PHP Warning:  Trying to access array offset on value of type bool in C:\Users\donat\Local Sites\classic-mountain\app\public\wp-content\plugins\elementor\includes\managers\image.php on line 108
[06-Jul-2023 10:53:12 UTC] PHP Warning:  Trying to access array offset on value of type bool in C:\Users\donat\Local Sites\classic-mountain\app\public\wp-content\plugins\elementor\includes\managers\image.php on line 108
[06-Jul-2023 10:53:12 UTC] PHP Warning:  Trying to access array offset on value of type bool in C:\Users\donat\Local Sites\classic-mountain\app\public\wp-content\plugins\elementor\includes\managers\image.php on line 108
[06-Jul-2023 10:53:12 UTC] PHP Warning:  Trying to access array offset on value of type bool in C:\Users\donat\Local Sites\classic-mountain\app\public\wp-content\plugins\elementor\includes\managers\image.php on line 108
[06-Jul-2023 10:53:12 UTC] PHP Warning:  Trying to access array offset on value of type bool in C:\Users\donat\Local Sites\classic-mountain\app\public\wp-content\plugins\elementor\includes\managers\image.php on line 108
[06-Jul-2023 10:53:12 UTC] PHP Warning:  Trying to access array offset on value of type bool in C:\Users\donat\Local Sites\classic-mountain\app\public\wp-content\plugins\elementor\includes\managers\image.php on line 108
[06-Jul-2023 10:53:12 UTC] PHP Warning:  Trying to access array offset on value of type bool in C:\Users\donat\Local Sites\classic-mountain\app\public\wp-content\plugins\elementor\includes\managers\image.php on line 108
[06-Jul-2023 10:53:12 UTC] PHP Warning:  Trying to access array offset on value of type bool in C:\Users\donat\Local Sites\classic-mountain\app\public\wp-content\plugins\elementor\includes\managers\image.php on line 108
[06-Jul-2023 10:53:12 UTC] PHP Warning:  Trying to access array offset on value of type bool in C:\Users\donat\Local Sites\classic-mountain\app\public\wp-content\plugins\elementor\includes\managers\image.php on line 108
[06-Jul-2023 10:53:12 UTC] PHP Warning:  Trying to access array offset on value of type bool in C:\Users\donat\Local Sites\classic-mountain\app\public\wp-content\plugins\elementor\includes\managers\image.php on line 108
[06-Jul-2023 10:53:12 UTC] PHP Warning:  Trying to access array offset on value of type bool in C:\Users\donat\Local Sites\classic-mountain\app\public\wp-content\plugins\elementor\includes\managers\image.php on line 108
[06-Jul-2023 10:53:12 UTC] PHP Warning:  Trying to access array offset on value of type bool in C:\Users\donat\Local Sites\classic-mountain\app\public\wp-content\plugins\elementor\includes\managers\image.php on line 108
[06-Jul-2023 10:53:12 UTC] PHP Warning:  Trying to access array offset on value of type bool in C:\Users\donat\Local Sites\classic-mountain\app\public\wp-content\plugins\elementor\includes\managers\image.php on line 108
[06-Jul-2023 10:53:12 UTC] PHP Warning:  Trying to access array offset on value of type bool in C:\Users\donat\Local Sites\classic-mountain\app\public\wp-content\plugins\elementor\includes\managers\image.php on line 108
[06-Jul-2023 10:53:12 UTC] PHP Warning:  Trying to access array offset on value of type bool in C:\Users\donat\Local Sites\classic-mountain\app\public\wp-content\plugins\elementor\includes\managers\image.php on line 108
[06-Jul-2023 10:53:12 UTC] PHP Warning:  Trying to access array offset on value of type bool in C:\Users\donat\Local Sites\classic-mountain\app\public\wp-content\plugins\elementor\includes\managers\image.php on line 108
[06-Jul-2023 10:53:12 UTC] PHP Warning:  Trying to access array offset on value of type bool in C:\Users\donat\Local Sites\classic-mountain\app\public\wp-content\plugins\elementor\includes\managers\image.php on line 108
[06-Jul-2023 10:53:12 UTC] PHP Warning:  Trying to access array offset on value of type bool in C:\Users\donat\Local Sites\classic-mountain\app\public\wp-content\plugins\elementor\includes\managers\image.php on line 108
[06-Jul-2023 10:53:12 UTC] PHP Warning:  Trying to access array offset on value of type bool in C:\Users\donat\Local Sites\classic-mountain\app\public\wp-content\plugins\elementor\includes\managers\image.php on line 108
[06-Jul-2023 10:53:12 UTC] PHP Warning:  Trying to access array offset on value of type bool in C:\Users\donat\Local Sites\classic-mountain\app\public\wp-content\plugins\elementor\includes\managers\image.php on line 108
[06-Jul-2023 10:53:12 UTC] PHP Warning:  Trying to access array offset on value of type bool in C:\Users\donat\Local Sites\classic-mountain\app\public\wp-content\plugins\elementor\includes\managers\image.php on line 108
[06-Jul-2023 10:53:12 UTC] PHP Warning:  Trying to access array offset on value of type bool in C:\Users\donat\Local Sites\classic-mountain\app\public\wp-content\plugins\elementor\includes\managers\image.php on line 108
[06-Jul-2023 10:53:12 UTC] PHP Warning:  Trying to access array offset on value of type bool in C:\Users\donat\Local Sites\classic-mountain\app\public\wp-content\plugins\elementor\includes\managers\image.php on line 108
[06-Jul-2023 10:53:12 UTC] PHP Warning:  Trying to access array offset on value of type bool in C:\Users\donat\Local Sites\classic-mountain\app\public\wp-content\plugins\elementor\includes\managers\image.php on line 108
[06-Jul-2023 10:53:12 UTC] PHP Warning:  Trying to access array offset on value of type bool in C:\Users\donat\Local Sites\classic-mountain\app\public\wp-content\plugins\elementor\includes\managers\image.php on line 108
[06-Jul-2023 10:53:12 UTC] PHP Warning:  Trying to access array offset on value of type bool in C:\Users\donat\Local Sites\classic-mountain\app\public\wp-content\plugins\elementor\includes\managers\image.php on line 108
[06-Jul-2023 10:53:12 UTC] PHP Warning:  Trying to access array offset on value of type bool in C:\Users\donat\Local Sites\classic-mountain\app\public\wp-content\plugins\elementor\includes\managers\image.php on line 108
[06-Jul-2023 10:53:12 UTC] PHP Warning:  Trying to access array offset on value of type bool in C:\Users\donat\Local Sites\classic-mountain\app\public\wp-content\plugins\elementor\includes\managers\image.php on line 108
[06-Jul-2023 10:53:12 UTC] PHP Warning:  Trying to access array offset on value of type bool in C:\Users\donat\Local Sites\classic-mountain\app\public\wp-content\plugins\elementor\includes\managers\image.php on line 108
[06-Jul-2023 10:53:12 UTC] PHP Warning:  Trying to access array offset on value of type bool in C:\Users\donat\Local Sites\classic-mountain\app\public\wp-content\plugins\elementor\includes\managers\image.php on line 108
[06-Jul-2023 10:53:12 UTC] PHP Warning:  Trying to access array offset on value of type bool in C:\Users\donat\Local Sites\classic-mountain\app\public\wp-content\plugins\elementor\includes\managers\image.php on line 108
[06-Jul-2023 10:53:12 UTC] PHP Warning:  Trying to access array offset on value of type bool in C:\Users\donat\Local Sites\classic-mountain\app\public\wp-content\plugins\elementor\includes\managers\image.php on line 108
[06-Jul-2023 10:53:12 UTC] PHP Warning:  Trying to access array offset on value of type bool in C:\Users\donat\Local Sites\classic-mountain\app\public\wp-content\plugins\elementor\includes\managers\image.php on line 108
[06-Jul-2023 10:53:12 UTC] PHP Warning:  Trying to access array offset on value of type bool in C:\Users\donat\Local Sites\classic-mountain\app\public\wp-content\plugins\elementor\includes\managers\image.php on line 108
[06-Jul-2023 10:53:12 UTC] PHP Warning:  Trying to access array offset on value of type bool in C:\Users\donat\Local Sites\classic-mountain\app\public\wp-content\plugins\elementor\includes\managers\image.php on line 108
[06-Jul-2023 10:53:12 UTC] PHP Warning:  Trying to access array offset on value of type bool in C:\Users\donat\Local Sites\classic-mountain\app\public\wp-content\plugins\elementor\includes\managers\image.php on line 108
[06-Jul-2023 10:53:12 UTC] PHP Warning:  Trying to access array offset on value of type bool in C:\Users\donat\Local Sites\classic-mountain\app\public\wp-content\plugins\elementor\includes\managers\image.php on line 108
[06-Jul-2023 10:53:12 UTC] PHP Warning:  Trying to access array offset on value of type bool in C:\Users\donat\Local Sites\classic-mountain\app\public\wp-content\plugins\elementor\includes\managers\image.php on line 108
[06-Jul-2023 10:53:12 UTC] PHP Warning:  Trying to access array offset on value of type bool in C:\Users\donat\Local Sites\classic-mountain\app\public\wp-content\plugins\elementor\includes\managers\image.php on line 108
[06-Jul-2023 10:53:12 UTC] PHP Warning:  Trying to access array offset on value of type bool in C:\Users\donat\Local Sites\classic-mountain\app\public\wp-content\plugins\elementor\includes\managers\image.php on line 108
[06-Jul-2023 10:53:12 UTC] PHP Warning:  Trying to access array offset on value of type bool in C:\Users\donat\Local Sites\classic-mountain\app\public\wp-content\plugins\elementor\includes\managers\image.php on line 108
[06-Jul-2023 10:53:12 UTC] PHP Warning:  Trying to access array offset on value of type bool in C:\Users\donat\Local Sites\classic-mountain\app\public\wp-content\plugins\elementor\includes\managers\image.php on line 108
[06-Jul-2023 10:53:12 UTC] PHP Warning:  Trying to access array offset on value of type bool in C:\Users\donat\Local Sites\classic-mountain\app\public\wp-content\plugins\elementor\includes\managers\image.php on line 108
[06-Jul-2023 10:53:12 UTC] PHP Warning:  Trying to access array offset on value of type bool in C:\Users\donat\Local Sites\classic-mountain\app\public\wp-content\plugins\elementor\includes\managers\image.php on line 108
[06-Jul-2023 10:53:12 UTC] PHP Warning:  Trying to access array offset on value of type bool in C:\Users\donat\Local Sites\classic-mountain\app\public\wp-content\plugins\elementor\includes\managers\image.php on line 108
[06-Jul-2023 10:53:12 UTC] PHP Warning:  Trying to access array offset on value of type bool in C:\Users\donat\Local Sites\classic-mountain\app\public\wp-content\plugins\elementor\includes\managers\image.php on line 108
[06-Jul-2023 11:02:57 UTC] PHP Warning:  Attempt to read property "title" on null in C:\Users\donat\Local Sites\classic-mountain\app\public\wp-includes\class-wp-customize-widgets.php on line 905
[06-Jul-2023 11:33:41 UTC] PHP Warning:  Trying to access array offset on value of type bool in C:\Users\donat\Local Sites\classic-mountain\app\public\wp-content\plugins\elementor\includes\managers\image.php on line 108
[06-Jul-2023 11:33:41 UTC] PHP Warning:  Trying to access array offset on value of type bool in C:\Users\donat\Local Sites\classic-mountain\app\public\wp-content\plugins\elementor\includes\managers\image.php on line 108
[06-Jul-2023 11:33:41 UTC] PHP Warning:  Trying to access array offset on value of type bool in C:\Users\donat\Local Sites\classic-mountain\app\public\wp-content\plugins\elementor\includes\managers\image.php on line 108
[06-Jul-2023 11:33:41 UTC] PHP Warning:  Trying to access array offset on value of type bool in C:\Users\donat\Local Sites\classic-mountain\app\public\wp-content\plugins\elementor\includes\managers\image.php on line 108
[06-Jul-2023 11:33:41 UTC] PHP Warning:  Trying to access array offset on value of type bool in C:\Users\donat\Local Sites\classic-mountain\app\public\wp-content\plugins\elementor\includes\managers\image.php on line 108
[06-Jul-2023 11:33:41 UTC] PHP Warning:  Trying to access array offset on value of type bool in C:\Users\donat\Local Sites\classic-mountain\app\public\wp-content\plugins\elementor\includes\managers\image.php on line 108
[06-Jul-2023 11:33:41 UTC] PHP Warning:  Trying to access array offset on value of type bool in C:\Users\donat\Local Sites\classic-mountain\app\public\wp-content\plugins\elementor\includes\managers\image.php on line 108
[06-Jul-2023 11:33:41 UTC] PHP Warning:  Trying to access array offset on value of type bool in C:\Users\donat\Local Sites\classic-mountain\app\public\wp-content\plugins\elementor\includes\managers\image.php on line 108
[06-Jul-2023 11:33:41 UTC] PHP Warning:  Trying to access array offset on value of type bool in C:\Users\donat\Local Sites\classic-mountain\app\public\wp-content\plugins\elementor\includes\managers\image.php on line 108
[06-Jul-2023 11:33:41 UTC] PHP Warning:  Trying to access array offset on value of type bool in C:\Users\donat\Local Sites\classic-mountain\app\public\wp-content\plugins\elementor\includes\managers\image.php on line 108
[06-Jul-2023 11:33:41 UTC] PHP Warning:  Trying to access array offset on value of type bool in C:\Users\donat\Local Sites\classic-mountain\app\public\wp-content\plugins\elementor\includes\managers\image.php on line 108
[06-Jul-2023 11:33:41 UTC] PHP Warning:  Trying to access array offset on value of type bool in C:\Users\donat\Local Sites\classic-mountain\app\public\wp-content\plugins\elementor\includes\managers\image.php on line 108
[06-Jul-2023 11:33:41 UTC] PHP Warning:  Trying to access array offset on value of type bool in C:\Users\donat\Local Sites\classic-mountain\app\public\wp-content\plugins\elementor\includes\managers\image.php on line 108
[06-Jul-2023 11:33:41 UTC] PHP Warning:  Trying to access array offset on value of type bool in C:\Users\donat\Local Sites\classic-mountain\app\public\wp-content\plugins\elementor\includes\managers\image.php on line 108
[06-Jul-2023 11:33:41 UTC] PHP Warning:  Trying to access array offset on value of type bool in C:\Users\donat\Local Sites\classic-mountain\app\public\wp-content\plugins\elementor\includes\managers\image.php on line 108
[06-Jul-2023 11:33:41 UTC] PHP Warning:  Trying to access array offset on value of type bool in C:\Users\donat\Local Sites\classic-mountain\app\public\wp-content\plugins\elementor\includes\managers\image.php on line 108
[06-Jul-2023 11:33:41 UTC] PHP Warning:  Trying to access array offset on value of type bool in C:\Users\donat\Local Sites\classic-mountain\app\public\wp-content\plugins\elementor\includes\managers\image.php on line 108
[06-Jul-2023 11:33:41 UTC] PHP Warning:  Trying to access array offset on value of type bool in C:\Users\donat\Local Sites\classic-mountain\app\public\wp-content\plugins\elementor\includes\managers\image.php on line 108
[06-Jul-2023 11:33:41 UTC] PHP Warning:  Trying to access array offset on value of type bool in C:\Users\donat\Local Sites\classic-mountain\app\public\wp-content\plugins\elementor\includes\managers\image.php on line 108
[06-Jul-2023 11:33:41 UTC] PHP Warning:  Trying to access array offset on value of type bool in C:\Users\donat\Local Sites\classic-mountain\app\public\wp-content\plugins\elementor\includes\managers\image.php on line 108
[06-Jul-2023 11:33:41 UTC] PHP Warning:  Trying to access array offset on value of type bool in C:\Users\donat\Local Sites\classic-mountain\app\public\wp-content\plugins\elementor\includes\managers\image.php on line 108
[06-Jul-2023 11:33:41 UTC] PHP Warning:  Trying to access array offset on value of type bool in C:\Users\donat\Local Sites\classic-mountain\app\public\wp-content\plugins\elementor\includes\managers\image.php on line 108
[06-Jul-2023 11:33:41 UTC] PHP Warning:  Trying to access array offset on value of type bool in C:\Users\donat\Local Sites\classic-mountain\app\public\wp-content\plugins\elementor\includes\managers\image.php on line 108
[06-Jul-2023 11:33:41 UTC] PHP Warning:  Trying to access array offset on value of type bool in C:\Users\donat\Local Sites\classic-mountain\app\public\wp-content\plugins\elementor\includes\managers\image.php on line 108
[06-Jul-2023 11:33:41 UTC] PHP Warning:  Trying to access array offset on value of type bool in C:\Users\donat\Local Sites\classic-mountain\app\public\wp-content\plugins\elementor\includes\managers\image.php on line 108
[06-Jul-2023 11:33:41 UTC] PHP Warning:  Trying to access array offset on value of type bool in C:\Users\donat\Local Sites\classic-mountain\app\public\wp-content\plugins\elementor\includes\managers\image.php on line 108
[06-Jul-2023 11:33:41 UTC] PHP Warning:  Trying to access array offset on value of type bool in C:\Users\donat\Local Sites\classic-mountain\app\public\wp-content\plugins\elementor\includes\managers\image.php on line 108
[06-Jul-2023 11:33:41 UTC] PHP Warning:  Trying to access array offset on value of type bool in C:\Users\donat\Local Sites\classic-mountain\app\public\wp-content\plugins\elementor\includes\managers\image.php on line 108
[06-Jul-2023 11:33:41 UTC] PHP Warning:  Trying to access array offset on value of type bool in C:\Users\donat\Local Sites\classic-mountain\app\public\wp-content\plugins\elementor\includes\managers\image.php on line 108
[06-Jul-2023 11:33:41 UTC] PHP Warning:  Trying to access array offset on value of type bool in C:\Users\donat\Local Sites\classic-mountain\app\public\wp-content\plugins\elementor\includes\managers\image.php on line 108
[06-Jul-2023 11:33:41 UTC] PHP Warning:  Trying to access array offset on value of type bool in C:\Users\donat\Local Sites\classic-mountain\app\public\wp-content\plugins\elementor\includes\managers\image.php on line 108
[06-Jul-2023 11:33:41 UTC] PHP Warning:  Trying to access array offset on value of type bool in C:\Users\donat\Local Sites\classic-mountain\app\public\wp-content\plugins\elementor\includes\managers\image.php on line 108
[06-Jul-2023 11:33:41 UTC] PHP Warning:  Trying to access array offset on value of type bool in C:\Users\donat\Local Sites\classic-mountain\app\public\wp-content\plugins\elementor\includes\managers\image.php on line 108
[06-Jul-2023 11:33:41 UTC] PHP Warning:  Trying to access array offset on value of type bool in C:\Users\donat\Local Sites\classic-mountain\app\public\wp-content\plugins\elementor\includes\managers\image.php on line 108
[06-Jul-2023 11:33:41 UTC] PHP Warning:  Trying to access array offset on value of type bool in C:\Users\donat\Local Sites\classic-mountain\app\public\wp-content\plugins\elementor\includes\managers\image.php on line 108
[06-Jul-2023 11:33:41 UTC] PHP Warning:  Trying to access array offset on value of type bool in C:\Users\donat\Local Sites\classic-mountain\app\public\wp-content\plugins\elementor\includes\managers\image.php on line 108
[06-Jul-2023 11:33:41 UTC] PHP Warning:  Trying to access array offset on value of type bool in C:\Users\donat\Local Sites\classic-mountain\app\public\wp-content\plugins\elementor\includes\managers\image.php on line 108
[06-Jul-2023 11:33:41 UTC] PHP Warning:  Trying to access array offset on value of type bool in C:\Users\donat\Local Sites\classic-mountain\app\public\wp-content\plugins\elementor\includes\managers\image.php on line 108
[06-Jul-2023 11:33:41 UTC] PHP Warning:  Trying to access array offset on value of type bool in C:\Users\donat\Local Sites\classic-mountain\app\public\wp-content\plugins\elementor\includes\managers\image.php on line 108
[06-Jul-2023 11:33:41 UTC] PHP Warning:  Trying to access array offset on value of type bool in C:\Users\donat\Local Sites\classic-mountain\app\public\wp-content\plugins\elementor\includes\managers\image.php on line 108
